[01m[K/home/joaquin/catkin_ws/src/second/src/image_converter.cpp:20:83:[m[K [01;31m[Kerror: [m[Kexpected â€˜[01m[K,[m[Kâ€™ or â€˜[01m[K...[m[Kâ€™ before â€˜[01m[K&[m[Kâ€™ token
   void imageCb(const sensor_msgs::ImageConstPtr& msg, const ros::Publisher pub_ref&) {
[01;32m[K                                                                                   ^[m[K
[01m[K/home/joaquin/catkin_ws/src/second/src/image_converter.cpp:[m[K In function â€˜[01m[Kint main(int, char**)[m[Kâ€™:
[01m[K/home/joaquin/catkin_ws/src/second/src/image_converter.cpp:64:3:[m[K [01;31m[Kerror: [m[Kâ€˜[01m[Kpub_ptr[m[Kâ€™ was not declared in this scope
   pub_ptr = &t_pub;
[01;32m[K   ^[m[K
[01m[K/home/joaquin/catkin_ws/src/second/src/image_converter.cpp:67:8:[m[K [01;31m[Kerror: [m[Kâ€˜[01m[KImageConverter[m[Kâ€™ has not been declared
       &ImageConverter::imageCb, this);
[01;32m[K        ^[m[K
[01m[K/home/joaquin/catkin_ws/src/second/src/image_converter.cpp:67:33:[m[K [01;31m[Kerror: [m[Kinvalid use of â€˜[01m[Kthis[m[Kâ€™ in non-member function
       &ImageConverter::imageCb, this);
[01;32m[K                                 ^[m[K
[01m[K/home/joaquin/catkin_ws/src/second/src/image_converter.cpp:69:18:[m[K [01;31m[Kerror: [m[Kredeclaration of â€˜[01m[Kros::Publisher t_pub[m[Kâ€™
   ros::Publisher t_pub = n.advertise<std_msgs::Float32MultiArray>("array", 100);
[01;32m[K                  ^[m[K
[01m[K/home/joaquin/catkin_ws/src/second/src/image_converter.cpp:63:18:[m[K [01;36m[Knote: [m[Kâ€˜[01m[Kros::Publisher t_pub[m[Kâ€™ previously declared here
   ros::Publisher t_pub = n.advertise<std_msgs::Float32MultiArray>("array", 100);
[01;32m[K                  ^[m[K
[01m[K/home/joaquin/catkin_ws/src/second/src/image_converter.cpp:70:3:[m[K [01;31m[Kerror: [m[Kâ€˜[01m[KImageConverter[m[Kâ€™ was not declared in this scope
   ImageConverter ic(n);
[01;32m[K   ^[m[K
make[2]: *** [CMakeFiles/image_converter.dir/src/image_converter.cpp.o] Error 1
make[1]: *** [CMakeFiles/image_converter.dir/all] Error 2
make: *** [all] Error 2
