[01m[K/home/joaquin/catkin_ws/src/second/src/velocity_test.cpp:[m[K In function â€˜[01m[Kint main(int, char**)[m[Kâ€™:
[01m[K/home/joaquin/catkin_ws/src/second/src/velocity_test.cpp:33:2:[m[K [01;31m[Kerror: [m[Kâ€˜[01m[Kvel_pub[m[Kâ€™ was not declared in this scope
  vel_pub = n.advertise<geometry_msgs::TwistStamped>("/mavros/setpoint_attitude/cmd_vel",100);
[01;32m[K  ^[m[K
[01m[K/home/joaquin/catkin_ws/src/second/src/velocity_test.cpp:33:12:[m[K [01;31m[Kerror: [m[Kâ€˜[01m[Kn[m[Kâ€™ was not declared in this scope
  vel_pub = n.advertise<geometry_msgs::TwistStamped>("/mavros/setpoint_attitude/cmd_vel",100);
[01;32m[K            ^[m[K
[01m[K/home/joaquin/catkin_ws/src/second/src/velocity_test.cpp:33:51:[m[K [01;31m[Kerror: [m[Kexpected primary-expression before â€˜[01m[K>[m[Kâ€™ token
  vel_pub = n.advertise<geometry_msgs::TwistStamped>("/mavros/setpoint_attitude/cmd_vel",100);
[01;32m[K                                                   ^[m[K
make[2]: *** [CMakeFiles/velocity_test.dir/src/velocity_test.cpp.o] Error 1
make[1]: *** [CMakeFiles/velocity_test.dir/all] Error 2
make: *** [all] Error 2
